<?xml version="1.0" encoding="UTF-8"?>
<!-- Generated by org.testng.reporters.JUnitXMLReporter -->
<testsuite ignored="0" hostname="ahm-l-amitg" failures="0" tests="10" name="Default test" time="422.966" errors="0" timestamp="2023-03-26T17:01:17 IST">
  <testcase classname="com.ibm.ecom.testcases.MethodTest" name="signup" time="20.874"/>
  <testcase classname="com.ibm.ecom.testcases.MethodTest" name="signup" time="20.454"/>
  <testcase classname="com.ibm.ecom.testcases.MethodTest" name="signup" time="20.749"/>
  <testcase classname="com.ibm.ecom.testcases.MethodTest" name="signup" time="21.099"/>
  <testcase classname="com.ibm.ecom.testcases.MethodTest" name="signup" time="20.792"/>
  <testcase classname="com.ibm.ecom.testcases.MethodTest" name="signup" time="21.864"/>
  <testcase classname="com.ibm.ecom.testcases.MethodTest" name="signup" time="22.688"/>
  <testcase classname="com.ibm.ecom.testcases.MethodTest" name="signup" time="21.546"/>
  <testcase classname="com.ibm.ecom.testcases.MethodTest" name="signup" time="20.985"/>
  <testcase classname="com.ibm.ecom.testcases.MethodTest" name="signup" time="21.853"/>
</testsuite> <!-- Default test -->
